<?xml version="1.0" encoding="UTF-8"?>
<!-- Generated by org.testng.reporters.JUnitXMLReporter -->
<testsuite hostname="DLE6410-PC" name="Default test" tests="3" failures="0" timestamp="30 Oct 2016 05:34:40 GMT" time="0.862" errors="0">
  <testcase name="testPOI" time="0.013" classname="org.soumya.com.selenium.test.POITest"/>
  <testcase name="testPOI" time="0.006" classname="org.soumya.com.selenium.test.POITest"/>
  <testcase name="testPOI" time="0.005" classname="org.soumya.com.selenium.test.POITest"/>
</testsuite> <!-- Default test -->
